{
  "RSpec": {
    "coverage": {
      "/Users/glykeriastravodimou/MakersAcademy/Afternoon_challenges/MakersBnB/spec/booking_spec.rb": {
        "lines": [
          1,
          1,
          1,
          null,
          1,
          1,
          null,
          1,
          1,
          1,
          1,
          1,
          1,
          1,
          1,
          null,
          1,
          1,
          1,
          1,
          null,
          null,
          null,
          null
        ]
      },
      "/Users/glykeriastravodimou/MakersAcademy/Afternoon_challenges/MakersBnB/spec/persisted_data.rb": {
        "lines": [
          1,
          null,
          1,
          3,
          3,
          null
        ]
      },
      "/Users/glykeriastravodimou/MakersAcademy/Afternoon_challenges/MakersBnB/spec/database_connection_spec.rb": {
        "lines": [
          1,
          null,
          1,
          1,
          1,
          1,
          null,
          1,
          null,
          null,
          null,
          1,
          1,
          1,
          null,
          1,
          1,
          1,
          1,
          null,
          null,
          null
        ]
      },
      "/Users/glykeriastravodimou/MakersAcademy/Afternoon_challenges/MakersBnB/spec/feature/booking_spec.rb": {
        "lines": [
          1,
          1,
          1,
          1,
          1,
          1,
          1,
          1,
          1,
          null,
          null
        ]
      },
      "/Users/glykeriastravodimou/MakersAcademy/Afternoon_challenges/MakersBnB/spec/feature/homepage_spec.rb": {
        "lines": [
          1,
          1,
          1,
          1,
          1,
          null,
          null
        ]
      },
      "/Users/glykeriastravodimou/MakersAcademy/Afternoon_challenges/MakersBnB/spec/feature/listing_spec.rb": {
        "lines": [
          1,
          1,
          1,
          1,
          1,
          1,
          1,
          1,
          1,
          1,
          1,
          null,
          null,
          null,
          null,
          null
        ]
      },
      "/Users/glykeriastravodimou/MakersAcademy/Afternoon_challenges/MakersBnB/spec/feature/login_spec.rb": {
        "lines": [
          1,
          1,
          1,
          1,
          1,
          1,
          1,
          1,
          1,
          null,
          null,
          null,
          null
        ]
      },
      "/Users/glykeriastravodimou/MakersAcademy/Afternoon_challenges/MakersBnB/spec/feature/logout_spec.rb": {
        "lines": [
          1,
          1,
          1,
          1,
          1,
          1,
          1,
          null,
          null,
          null
        ]
      },
      "/Users/glykeriastravodimou/MakersAcademy/Afternoon_challenges/MakersBnB/spec/feature/registration_spec.rb": {
        "lines": [
          1,
          1,
          1,
          1,
          1,
          1,
          null,
          null
        ]
      },
      "/Users/glykeriastravodimou/MakersAcademy/Afternoon_challenges/MakersBnB/spec/feature/web_helpers_spec.rb": {
        "lines": [
          1,
          2,
          2,
          2,
          2,
          2,
          null
        ]
      },
      "/Users/glykeriastravodimou/MakersAcademy/Afternoon_challenges/MakersBnB/spec/spaces_spec.rb": {
        "lines": [
          1,
          1,
          null,
          1,
          1,
          1,
          1,
          1,
          1,
          1,
          null,
          1,
          1,
          1,
          1,
          1,
          null,
          null,
          null,
          1,
          1,
          1,
          1,
          1,
          1,
          null,
          1,
          null,
          1,
          1,
          1,
          1,
          null,
          null,
          null,
          1,
          1,
          1,
          1,
          1,
          null,
          1,
          null,
          1,
          1,
          1,
          1,
          1,
          null,
          null,
          null
        ]
      },
      "/Users/glykeriastravodimou/MakersAcademy/Afternoon_challenges/MakersBnB/spec/users_spec.rb": {
        "lines": [
          1,
          null,
          1,
          1,
          1,
          1,
          1,
          1,
          null,
          1,
          1,
          1,
          1,
          null,
          null,
          null,
          1,
          1,
          1,
          1,
          null,
          1,
          null,
          1,
          1,
          1,
          1,
          null,
          null,
          null,
          1,
          1,
          1,
          1,
          null,
          1,
          null,
          1,
          1,
          1,
          1,
          null,
          null,
          null
        ]
      }
    },
    "timestamp": 1612447587
  }
}
